<?xml version="1.0" encoding="UTF-8" ?>
<testsuite errors="0" failures="0" hostname="mc-s071122.local" name="test.enigma.EndToEndTest" tests="1" time="0.1" timestamp="2012-10-04T09:25:55">
  <properties>
    <property name="java.vendor" value="Apple Inc." />
    <property name="sun.java.launcher" value="SUN_STANDARD" />
    <property name="jikes.class.path" value=":/System/Library/Java/JavaVirtualMachines/1.6.0.jdk/Contents/Home/../Classes/alt-rt.jar:/System/Library/Java/JavaVirtualMachines/1.6.0.jdk/Contents/Home/../Classes/alt-string.jar:/System/Library/Java/JavaVirtualMachines/1.6.0.jdk/Contents/Home/../Classes/charsets.jar:/System/Library/Java/JavaVirtualMachines/1.6.0.jdk/Contents/Home/../Classes/classes.jar:/System/Library/Java/JavaVirtualMachines/1.6.0.jdk/Contents/Home/../Classes/dt.jar:/System/Library/Java/JavaVirtualMachines/1.6.0.jdk/Contents/Home/../Classes/jce.jar:/System/Library/Java/JavaVirtualMachines/1.6.0.jdk/Contents/Home/../Classes/jconsole.jar:/System/Library/Java/JavaVirtualMachines/1.6.0.jdk/Contents/Home/../Classes/jsse.jar:/System/Library/Java/JavaVirtualMachines/1.6.0.jdk/Contents/Home/../Classes/management-agent.jar:/System/Library/Java/JavaVirtualMachines/1.6.0.jdk/Contents/Home/../Classes/ui.jar" />
    <property name="sun.management.compiler" value="HotSpot 64-Bit Tiered Compilers" />
    <property name="https.proxyHost" value="www-cache.reith.bbc.co.uk" />
    <property name="os.name" value="Mac OS X" />
    <property name="sun.boot.class.path" value="/System/Library/Java/JavaVirtualMachines/1.6.0.jdk/Contents/Classes/jsfd.jar:/System/Library/Java/JavaVirtualMachines/1.6.0.jdk/Contents/Classes/classes.jar:/System/Library/Frameworks/JavaVM.framework/Frameworks/JavaRuntimeSupport.framework/Resources/Java/JavaRuntimeSupport.jar:/System/Library/Java/JavaVirtualMachines/1.6.0.jdk/Contents/Classes/ui.jar:/System/Library/Java/JavaVirtualMachines/1.6.0.jdk/Contents/Classes/laf.jar:/System/Library/Java/JavaVirtualMachines/1.6.0.jdk/Contents/Classes/sunrsasign.jar:/System/Library/Java/JavaVirtualMachines/1.6.0.jdk/Contents/Classes/jsse.jar:/System/Library/Java/JavaVirtualMachines/1.6.0.jdk/Contents/Classes/jce.jar:/System/Library/Java/JavaVirtualMachines/1.6.0.jdk/Contents/Classes/charsets.jar" />
    <property name="java.vm.specification.vendor" value="Sun Microsystems Inc." />
    <property name="ant.home" value="/usr/share/ant" />
    <property name="java.runtime.version" value="1.6.0_35-b10-428-11M3811" />
    <property name="http.proxyPort" value="80" />
    <property name="user.name" value="simkid01" />
    <property name="awt.nativeDoubleBuffering" value="true" />
    <property name="socksProxyHost" value="socks-gw.reith.bbc.co.uk" />
    <property name="build.dir" value="/Users/simkid01/Documents/Dev/Eclipse Workspace/TDD-Bootcamp-Projects/Enigma/build" />
    <property name="user.language" value="en" />
    <property name="unit-test.dir" value="/Users/simkid01/Documents/Dev/Eclipse Workspace/TDD-Bootcamp-Projects/Enigma/build/unit-test/classes" />
    <property name="sun.boot.library.path" value="/System/Library/Java/JavaVirtualMachines/1.6.0.jdk/Contents/Libraries" />
    <property name="ant.project.default-target" value="compile" />
    <property name="ant.project.name" value="engima" />
    <property name="java.version" value="1.6.0_35" />
    <property name="gopherProxyHost" value="www-cache.reith.bbc.co.uk" />
    <property name="user.timezone" value="" />
    <property name="sun.arch.data.model" value="64" />
    <property name="http.nonProxyHosts" value="core.bbc.co.uk|*.core.bbc.co.uk|local|*.local|169.254/16|*.169.254/16" />
    <property name="java.endorsed.dirs" value="/System/Library/Java/JavaVirtualMachines/1.6.0.jdk/Contents/Home/lib/endorsed" />
    <property name="sun.cpu.isalist" value="" />
    <property name="sun.jnu.encoding" value="MacRoman" />
    <property name="file.encoding.pkg" value="sun.io" />
    <property name="file.separator" value="/" />
    <property name="java.specification.name" value="Java Platform API Specification" />
    <property name="classes.dir" value="/Users/simkid01/Documents/Dev/Eclipse Workspace/TDD-Bootcamp-Projects/Enigma/build/deploy/classes" />
    <property name="java.class.version" value="50.0" />
    <property name="user.country" value="US" />
    <property name="java.home" value="/System/Library/Java/JavaVirtualMachines/1.6.0.jdk/Contents/Home" />
    <property name="dist.dir" value="/Users/simkid01/Documents/Dev/Eclipse Workspace/TDD-Bootcamp-Projects/Enigma/dist" />
    <property name="java.vm.info" value="mixed mode" />
    <property name="ant.file" value="/Users/simkid01/Documents/Dev/Eclipse Workspace/TDD-Bootcamp-Projects/Enigma/build.xml" />
    <property name="os.version" value="10.7.4" />
    <property name="https.proxyPort" value="80" />
    <property name="ftp.proxyHost" value="ftp-gw.reith.bbc.co.uk" />
    <property name="path.separator" value=":" />
    <property name="java.vm.version" value="20.10-b01-428" />
    <property name="report.dir" value="/Users/simkid01/Documents/Dev/Eclipse Workspace/TDD-Bootcamp-Projects/Enigma/testreports" />
    <property name="ant.library.dir" value="/usr/share/ant/lib" />
    <property name="java.awt.printerjob" value="apple.awt.CPrinterJob" />
    <property name="sun.io.unicode.encoding" value="UnicodeLittle" />
    <property name="awt.toolkit" value="apple.awt.CToolkit" />
    <property name="socksNonProxyHosts" value="core.bbc.co.uk|*.core.bbc.co.uk|local|*.local|169.254/16|*.169.254/16" />
    <property name="ftp.nonProxyHosts" value="core.bbc.co.uk|*.core.bbc.co.uk|local|*.local|169.254/16|*.169.254/16" />
    <property name="user.home" value="/Users/simkid01" />
    <property name="socksProxyPort" value="1085" />
    <property name="java.specification.vendor" value="Sun Microsystems Inc." />
    <property name="java.library.path" value=".:/Library/Java/Extensions:/System/Library/Java/Extensions:/usr/lib/java" />
    <property name="java.vendor.url" value="http://www.apple.com/" />
    <property name="java.vm.vendor" value="Apple Inc." />
    <property name="gopherProxySet" value="true" />
    <property name="ant.file.engima" value="/Users/simkid01/Documents/Dev/Eclipse Workspace/TDD-Bootcamp-Projects/Enigma/build.xml" />
    <property name="java.runtime.name" value="Java(TM) SE Runtime Environment" />
    <property name="sun.java.command" value="org.apache.tools.ant.taskdefs.optional.junit.JUnitTestRunner test.enigma.EndToEndTest filtertrace=true haltOnError=true haltOnFailure=false formatter=org.apache.tools.ant.taskdefs.optional.junit.SummaryJUnitResultFormatter showoutput=false outputtoformatters=true logfailedtests=true logtestlistenerevents=false formatter=org.apache.tools.ant.taskdefs.optional.junit.XMLJUnitResultFormatter,/Users/simkid01/Documents/Dev/Eclipse Workspace/TDD-Bootcamp-Projects/Enigma/testreports/TEST-test.enigma.EndToEndTest.xml crashfile=/Users/simkid01/Documents/Dev/Eclipse Workspace/TDD-Bootcamp-Projects/Enigma/junitvmwatcher7610507817520501659.properties propsfile=/Users/simkid01/Documents/Dev/Eclipse Workspace/TDD-Bootcamp-Projects/Enigma/junit6089839877841015481.properties" />
    <property name="java.class.path" value="/Users/simkid01/Documents/Dev/Eclipse Workspace/TDD-Bootcamp-Projects/Enigma/lib/hamcrest-core-1.1.jar:/Users/simkid01/Documents/Dev/Eclipse Workspace/TDD-Bootcamp-Projects/Enigma/lib/hamcrest-library-1.1.jar:/Users/simkid01/Documents/Dev/Eclipse Workspace/TDD-Bootcamp-Projects/Enigma/lib/jmock-2.5.1.jar:/Users/simkid01/Documents/Dev/Eclipse Workspace/TDD-Bootcamp-Projects/Enigma/lib/jmock-junit4-2.5.1.jar:/Users/simkid01/Documents/Dev/Eclipse Workspace/TDD-Bootcamp-Projects/Enigma/lib/jmock-legacy-2.5.1.jar:/Users/simkid01/Documents/Dev/Eclipse Workspace/TDD-Bootcamp-Projects/Enigma/lib/junit-4.10.jar:/Users/simkid01/Documents/Dev/Eclipse Workspace/TDD-Bootcamp-Projects/Enigma/build/deploy/classes:/Users/simkid01/Documents/Dev/Eclipse Workspace/TDD-Bootcamp-Projects/Enigma/build/end-to-end-test/classes:/usr/share/java/ant-1.8.2/lib/ant-launcher.jar:/usr/share/ant/lib/ant.jar:/usr/share/ant/lib/ant-junit.jar:/usr/share/ant/lib/ant-junit4.jar" />
    <property name="ant.version" value="Apache Ant(TM) version 1.8.2 compiled on June 3 2011" />
    <property name="gopherProxyPort" value="80" />
    <property name="java.vm.specification.name" value="Java Virtual Machine Specification" />
    <property name="ant.file.type" value="file" />
    <property name="java.vm.specification.version" value="1.0" />
    <property name="sun.cpu.endian" value="little" />
    <property name="sun.os.patch.level" value="unknown" />
    <property name="java.io.tmpdir" value="/var/folders/nl/v5s2pj9s52l95czc3xfsjwj8pgcq4_/T/" />
    <property name="java.vendor.url.bug" value="http://bugreport.apple.com/" />
    <property name="http.proxyHost" value="www-cache.reith.bbc.co.uk" />
    <property name="mrj.build" value="11M3811" />
    <property name="java.awt.graphicsenv" value="apple.awt.CGraphicsEnvironment" />
    <property name="os.arch" value="x86_64" />
    <property name="java.ext.dirs" value="/Library/Java/Extensions:/System/Library/Java/Extensions:/System/Library/Java/JavaVirtualMachines/1.6.0.jdk/Contents/Home/lib/ext" />
    <property name="ftp.proxyPort" value="21" />
    <property name="user.dir" value="/Users/simkid01/Documents/Dev/Eclipse Workspace/TDD-Bootcamp-Projects/Enigma" />
    <property name="mrj.version" value="1070.1.6.0_35-428" />
    <property name="line.separator" value="&#xa;" />
    <property name="java.vm.name" value="Java HotSpot(TM) 64-Bit Server VM" />
    <property name="basedir" value="/Users/simkid01/Documents/Dev/Eclipse Workspace/TDD-Bootcamp-Projects/Enigma" />
    <property name="ant.java.version" value="1.6" />
    <property name="ant.core.lib" value="/usr/share/ant/lib/ant.jar" />
    <property name="file.encoding" value="MacRoman" />
    <property name="end-to-end-test.dir" value="/Users/simkid01/Documents/Dev/Eclipse Workspace/TDD-Bootcamp-Projects/Enigma/build/end-to-end-test/classes" />
    <property name="ant.file.type.engima" value="file" />
    <property name="java.specification.version" value="1.6" />
    <property name="ant.project.invoked-targets" value="junit-report" />
  </properties>
  <testcase classname="test.enigma.EndToEndTest" name="encryptsInput" time="0.0030" />
  <system-out><![CDATA[]]></system-out>
  <system-err><![CDATA[]]></system-err>
</testsuite>
